app/build/intermediates/manifest_merge_blame_file/debug/manifest-merger-blame-debug-report.txt
1<?xml version="1.0" encoding="utf-8"?>
2<manifest xmlns:android="http://schemas.android.com/apk/res/android"
3    package="com.ostin.qrreader"
4    android:versionCode="1"
5    android:versionName="1.0" >
6
7    <uses-sdk
8        android:minSdkVersion="21"
8-->src/main/AndroidManifest.xml
9        android:targetSdkVersion="29" />
9-->src/main/AndroidManifest.xml
10
11    <uses-permission android:name="android.permission.CAMERA" />
11-->src/main/AndroidManifest.xml:5:5-65
11-->src/main/AndroidManifest.xml:5:22-62
12    <uses-permission android:name="android.permission.INTERNET" />
12-->src/main/AndroidManifest.xml:6:5-67
12-->src/main/AndroidManifest.xml:6:22-64
13    <uses-permission android:name="android.permission.WRITE_EXTERNAL_STORAGE" />
13-->src/main/AndroidManifest.xml:7:5-80
13-->src/main/AndroidManifest.xml:7:22-78
14    <uses-permission android:name="android.permission.VIBRATE" />
14-->src/main/AndroidManifest.xml:8:5-66
14-->src/main/AndroidManifest.xml:8:22-63
15    <uses-permission android:name="android.permission.WAKE_LOCK" />
15-->[androidx.work:work-runtime:2.1.0] AndroidManifest.xml:25:5-68
15-->[androidx.work:work-runtime:2.1.0] AndroidManifest.xml:25:22-65
16    <uses-permission android:name="android.permission.ACCESS_NETWORK_STATE" />
16-->[androidx.work:work-runtime:2.1.0] AndroidManifest.xml:26:5-79
16-->[androidx.work:work-runtime:2.1.0] AndroidManifest.xml:26:22-76
17    <uses-permission android:name="android.permission.RECEIVE_BOOT_COMPLETED" /> <!-- Permissions required for GCM -->
17-->[androidx.work:work-runtime:2.1.0] AndroidManifest.xml:27:5-81
17-->[androidx.work:work-runtime:2.1.0] AndroidManifest.xml:27:22-78
18    <uses-permission android:name="com.google.android.c2dm.permission.RECEIVE" />
18-->[com.google.android.gms:play-services-gcm:9.8.0] AndroidManifest.xml:20:5-81
18-->[com.google.android.gms:play-services-gcm:9.8.0] AndroidManifest.xml:20:22-79
19
20    <uses-feature
20-->[com.google.android.gms:play-services-maps:9.8.0] AndroidManifest.xml:21:5-77
21        android:glEsVersion="0x00020000"
21-->[com.google.android.gms:play-services-maps:9.8.0] AndroidManifest.xml:21:19-51
22        android:required="true" />
22-->[com.google.android.gms:play-services-maps:9.8.0] AndroidManifest.xml:21:52-75
23
24    <permission
24-->[com.google.firebase:firebase-iid:9.8.0] AndroidManifest.xml:24:5-109
25        android:name="com.ostin.qrreader.permission.C2D_MESSAGE"
25-->[com.google.firebase:firebase-iid:9.8.0] AndroidManifest.xml:24:17-71
26        android:protectionLevel="signature" />
26-->[com.google.firebase:firebase-iid:9.8.0] AndroidManifest.xml:24:72-107
27
28    <uses-permission android:name="com.ostin.qrreader.permission.C2D_MESSAGE" />
28-->[com.google.firebase:firebase-iid:9.8.0] AndroidManifest.xml:26:5-78
28-->[com.google.firebase:firebase-iid:9.8.0] AndroidManifest.xml:26:22-76
29
30    <application
30-->src/main/AndroidManifest.xml:10:5-27:19
31        android:allowBackup="true"
31-->src/main/AndroidManifest.xml:11:9-35
32        android:appComponentFactory="androidx.core.app.CoreComponentFactory"
32-->[androidx.core:core:1.1.0] AndroidManifest.xml:24:18-86
33        android:debuggable="true"
34        android:icon="@mipmap/ic_launcher"
34-->src/main/AndroidManifest.xml:12:9-43
35        android:label="@string/app_name"
35-->src/main/AndroidManifest.xml:13:9-41
36        android:roundIcon="@mipmap/ic_launcher_round"
36-->src/main/AndroidManifest.xml:14:9-54
37        android:supportsRtl="true"
37-->src/main/AndroidManifest.xml:15:9-35
38        android:testOnly="true"
39        android:theme="@style/Theme.QRReader" >
39-->src/main/AndroidManifest.xml:16:9-46
40        <activity
40-->src/main/AndroidManifest.xml:17:9-26:20
41            android:name="com.ostin.qrreader.home.MainActivity"
41-->src/main/AndroidManifest.xml:18:13-46
42            android:screenOrientation="portrait"
42-->src/main/AndroidManifest.xml:20:13-49
43            android:theme="@style/Theme.QRReader.NoActionBar" >
43-->src/main/AndroidManifest.xml:19:13-62
44            <intent-filter>
44-->src/main/AndroidManifest.xml:21:13-25:29
45                <action android:name="android.intent.action.MAIN" />
45-->src/main/AndroidManifest.xml:22:17-69
45-->src/main/AndroidManifest.xml:22:25-66
46
47                <category android:name="android.intent.category.LAUNCHER" />
47-->src/main/AndroidManifest.xml:24:17-77
47-->src/main/AndroidManifest.xml:24:27-74
48            </intent-filter>
49        </activity>
50
51        <receiver android:name="com.google.android.gms.cast.framework.media.MediaIntentReceiver" />
51-->[com.google.android.gms:play-services-cast-framework:9.8.0] AndroidManifest.xml:5:9-99
51-->[com.google.android.gms:play-services-cast-framework:9.8.0] AndroidManifest.xml:5:19-97
52
53        <service android:name="com.google.android.gms.cast.framework.media.MediaNotificationService" />
53-->[com.google.android.gms:play-services-cast-framework:9.8.0] AndroidManifest.xml:6:9-103
53-->[com.google.android.gms:play-services-cast-framework:9.8.0] AndroidManifest.xml:6:18-101
54        <service android:name="com.google.android.gms.cast.framework.ReconnectionService" />
54-->[com.google.android.gms:play-services-cast-framework:9.8.0] AndroidManifest.xml:7:9-92
54-->[com.google.android.gms:play-services-cast-framework:9.8.0] AndroidManifest.xml:7:18-90
55
56        <provider
56-->[androidx.work:work-runtime:2.1.0] AndroidManifest.xml:30:9-36:35
57            android:name="androidx.work.impl.WorkManagerInitializer"
57-->[androidx.work:work-runtime:2.1.0] AndroidManifest.xml:31:13-69
58            android:authorities="com.ostin.qrreader.workmanager-init"
58-->[androidx.work:work-runtime:2.1.0] AndroidManifest.xml:32:13-68
59            android:directBootAware="false"
59-->[androidx.work:work-runtime:2.1.0] AndroidManifest.xml:33:13-44
60            android:exported="false"
60-->[androidx.work:work-runtime:2.1.0] AndroidManifest.xml:34:13-37
61            android:multiprocess="true" />
61-->[androidx.work:work-runtime:2.1.0] AndroidManifest.xml:35:13-40
62
63        <service
63-->[androidx.work:work-runtime:2.1.0] AndroidManifest.xml:38:9-43:35
64            android:name="androidx.work.impl.background.systemalarm.SystemAlarmService"
64-->[androidx.work:work-runtime:2.1.0] AndroidManifest.xml:39:13-88
65            android:directBootAware="false"
65-->[androidx.work:work-runtime:2.1.0] AndroidManifest.xml:40:13-44
66            android:enabled="@bool/enable_system_alarm_service_default"
66-->[androidx.work:work-runtime:2.1.0] AndroidManifest.xml:41:13-72
67            android:exported="false" />
67-->[androidx.work:work-runtime:2.1.0] AndroidManifest.xml:42:13-37
68        <service
68-->[androidx.work:work-runtime:2.1.0] AndroidManifest.xml:44:9-50:35
69            android:name="androidx.work.impl.background.systemjob.SystemJobService"
69-->[androidx.work:work-runtime:2.1.0] AndroidManifest.xml:45:13-84
70            android:directBootAware="false"
70-->[androidx.work:work-runtime:2.1.0] AndroidManifest.xml:46:13-44
71            android:enabled="@bool/enable_system_job_service_default"
71-->[androidx.work:work-runtime:2.1.0] AndroidManifest.xml:47:13-70
72            android:exported="true"
72-->[androidx.work:work-runtime:2.1.0] AndroidManifest.xml:48:13-36
73            android:permission="android.permission.BIND_JOB_SERVICE" />
73-->[androidx.work:work-runtime:2.1.0] AndroidManifest.xml:49:13-69
74
75        <receiver
75-->[androidx.work:work-runtime:2.1.0] AndroidManifest.xml:52:9-57:35
76            android:name="androidx.work.impl.utils.ForceStopRunnable$BroadcastReceiver"
76-->[androidx.work:work-runtime:2.1.0] AndroidManifest.xml:53:13-88
77            android:directBootAware="false"
77-->[androidx.work:work-runtime:2.1.0] AndroidManifest.xml:54:13-44
78            android:enabled="true"
78-->[androidx.work:work-runtime:2.1.0] AndroidManifest.xml:55:13-35
79            android:exported="false" />
79-->[androidx.work:work-runtime:2.1.0] AndroidManifest.xml:56:13-37
80        <receiver
80-->[androidx.work:work-runtime:2.1.0] AndroidManifest.xml:58:9-68:20
81            android:name="androidx.work.impl.background.systemalarm.ConstraintProxy$BatteryChargingProxy"
81-->[androidx.work:work-runtime:2.1.0] AndroidManifest.xml:59:13-106
82            android:directBootAware="false"
82-->[androidx.work:work-runtime:2.1.0] AndroidManifest.xml:60:13-44
83            android:enabled="false"
83-->[androidx.work:work-runtime:2.1.0] AndroidManifest.xml:61:13-36
84            android:exported="false" >
84-->[androidx.work:work-runtime:2.1.0] AndroidManifest.xml:62:13-37
85            <intent-filter>
85-->[androidx.work:work-runtime:2.1.0] AndroidManifest.xml:64:13-67:29
86                <action android:name="android.intent.action.ACTION_POWER_CONNECTED" />
86-->[androidx.work:work-runtime:2.1.0] AndroidManifest.xml:65:17-87
86-->[androidx.work:work-runtime:2.1.0] AndroidManifest.xml:65:25-84
87                <action android:name="android.intent.action.ACTION_POWER_DISCONNECTED" />
87-->[androidx.work:work-runtime:2.1.0] AndroidManifest.xml:66:17-90
87-->[androidx.work:work-runtime:2.1.0] AndroidManifest.xml:66:25-87
88            </intent-filter>
89        </receiver>
90        <receiver
90-->[androidx.work:work-runtime:2.1.0] AndroidManifest.xml:69:9-79:20
91            android:name="androidx.work.impl.background.systemalarm.ConstraintProxy$BatteryNotLowProxy"
91-->[androidx.work:work-runtime:2.1.0] AndroidManifest.xml:70:13-104
92            android:directBootAware="false"
92-->[androidx.work:work-runtime:2.1.0] AndroidManifest.xml:71:13-44
93            android:enabled="false"
93-->[androidx.work:work-runtime:2.1.0] AndroidManifest.xml:72:13-36
94            android:exported="false" >
94-->[androidx.work:work-runtime:2.1.0] AndroidManifest.xml:73:13-37
95            <intent-filter>
95-->[androidx.work:work-runtime:2.1.0] AndroidManifest.xml:75:13-78:29
96                <action android:name="android.intent.action.BATTERY_OKAY" />
96-->[androidx.work:work-runtime:2.1.0] AndroidManifest.xml:76:17-77
96-->[androidx.work:work-runtime:2.1.0] AndroidManifest.xml:76:25-74
97                <action android:name="android.intent.action.BATTERY_LOW" />
97-->[androidx.work:work-runtime:2.1.0] AndroidManifest.xml:77:17-76
97-->[androidx.work:work-runtime:2.1.0] AndroidManifest.xml:77:25-73
98            </intent-filter>
99        </receiver>
100        <receiver
100-->[androidx.work:work-runtime:2.1.0] AndroidManifest.xml:80:9-90:20
101            android:name="androidx.work.impl.background.systemalarm.ConstraintProxy$StorageNotLowProxy"
101-->[androidx.work:work-runtime:2.1.0] AndroidManifest.xml:81:13-104
102            android:directBootAware="false"
102-->[androidx.work:work-runtime:2.1.0] AndroidManifest.xml:82:13-44
103            android:enabled="false"
103-->[androidx.work:work-runtime:2.1.0] AndroidManifest.xml:83:13-36
104            android:exported="false" >
104-->[androidx.work:work-runtime:2.1.0] AndroidManifest.xml:84:13-37
105            <intent-filter>
105-->[androidx.work:work-runtime:2.1.0] AndroidManifest.xml:86:13-89:29
106                <action android:name="android.intent.action.DEVICE_STORAGE_LOW" />
106-->[androidx.work:work-runtime:2.1.0] AndroidManifest.xml:87:17-83
106-->[androidx.work:work-runtime:2.1.0] AndroidManifest.xml:87:25-80
107                <action android:name="android.intent.action.DEVICE_STORAGE_OK" />
107-->[androidx.work:work-runtime:2.1.0] AndroidManifest.xml:88:17-82
107-->[androidx.work:work-runtime:2.1.0] AndroidManifest.xml:88:25-79
108            </intent-filter>
109        </receiver>
110        <receiver
110-->[androidx.work:work-runtime:2.1.0] AndroidManifest.xml:91:9-100:20
111            android:name="androidx.work.impl.background.systemalarm.ConstraintProxy$NetworkStateProxy"
111-->[androidx.work:work-runtime:2.1.0] AndroidManifest.xml:92:13-103
112            android:directBootAware="false"
112-->[androidx.work:work-runtime:2.1.0] AndroidManifest.xml:93:13-44
113            android:enabled="false"
113-->[androidx.work:work-runtime:2.1.0] AndroidManifest.xml:94:13-36
114            android:exported="false" >
114-->[androidx.work:work-runtime:2.1.0] AndroidManifest.xml:95:13-37
115            <intent-filter>
115-->[androidx.work:work-runtime:2.1.0] AndroidManifest.xml:97:13-99:29
116                <action android:name="android.net.conn.CONNECTIVITY_CHANGE" />
116-->[androidx.work:work-runtime:2.1.0] AndroidManifest.xml:98:17-79
116-->[androidx.work:work-runtime:2.1.0] AndroidManifest.xml:98:25-76
117            </intent-filter>
118        </receiver>
119        <receiver
119-->[androidx.work:work-runtime:2.1.0] AndroidManifest.xml:101:9-112:20
120            android:name="androidx.work.impl.background.systemalarm.RescheduleReceiver"
120-->[androidx.work:work-runtime:2.1.0] AndroidManifest.xml:102:13-88
121            android:directBootAware="false"
121-->[androidx.work:work-runtime:2.1.0] AndroidManifest.xml:103:13-44
122            android:enabled="false"
122-->[androidx.work:work-runtime:2.1.0] AndroidManifest.xml:104:13-36
123            android:exported="false" >
123-->[androidx.work:work-runtime:2.1.0] AndroidManifest.xml:105:13-37
124            <intent-filter>
124-->[androidx.work:work-runtime:2.1.0] AndroidManifest.xml:107:13-111:29
125                <action android:name="android.intent.action.BOOT_COMPLETED" />
125-->[androidx.work:work-runtime:2.1.0] AndroidManifest.xml:108:17-79
125-->[androidx.work:work-runtime:2.1.0] AndroidManifest.xml:108:25-76
126                <action android:name="android.intent.action.TIME_SET" />
126-->[androidx.work:work-runtime:2.1.0] AndroidManifest.xml:109:17-73
126-->[androidx.work:work-runtime:2.1.0] AndroidManifest.xml:109:25-70
127                <action android:name="android.intent.action.TIMEZONE_CHANGED" />
127-->[androidx.work:work-runtime:2.1.0] AndroidManifest.xml:110:17-81
127-->[androidx.work:work-runtime:2.1.0] AndroidManifest.xml:110:25-78
128            </intent-filter>
129        </receiver>
130        <receiver
130-->[androidx.work:work-runtime:2.1.0] AndroidManifest.xml:113:9-122:20
131            android:name="androidx.work.impl.background.systemalarm.ConstraintProxyUpdateReceiver"
131-->[androidx.work:work-runtime:2.1.0] AndroidManifest.xml:114:13-99
132            android:directBootAware="false"
132-->[androidx.work:work-runtime:2.1.0] AndroidManifest.xml:115:13-44
133            android:enabled="@bool/enable_system_alarm_service_default"
133-->[androidx.work:work-runtime:2.1.0] AndroidManifest.xml:116:13-72
134            android:exported="false" >
134-->[androidx.work:work-runtime:2.1.0] AndroidManifest.xml:117:13-37
135            <intent-filter>
135-->[androidx.work:work-runtime:2.1.0] AndroidManifest.xml:119:13-121:29
136                <action android:name="androidx.work.impl.background.systemalarm.UpdateProxies" />
136-->[androidx.work:work-runtime:2.1.0] AndroidManifest.xml:120:17-98
136-->[androidx.work:work-runtime:2.1.0] AndroidManifest.xml:120:25-95
137            </intent-filter>
138        </receiver>
139
140        <service
140-->[androidx.room:room-runtime:2.1.0] AndroidManifest.xml:25:9-27:40
141            android:name="androidx.room.MultiInstanceInvalidationService"
141-->[androidx.room:room-runtime:2.1.0] AndroidManifest.xml:26:13-74
142            android:exported="false" /> <!-- Include the AdActivity and InAppPurchaseActivity configChanges and themes. -->
142-->[androidx.room:room-runtime:2.1.0] AndroidManifest.xml:27:13-37
143        <activity
143-->[com.google.android.gms:play-services-ads-lite:9.8.0] AndroidManifest.xml:25:9-232
144            android:name="com.google.android.gms.ads.AdActivity"
144-->[com.google.android.gms:play-services-ads-lite:9.8.0] AndroidManifest.xml:25:19-71
145            android:configChanges="keyboard|keyboardHidden|orientation|screenLayout|uiMode|screenSize|smallestScreenSize"
145-->[com.google.android.gms:play-services-ads-lite:9.8.0] AndroidManifest.xml:25:72-181
146            android:theme="@android:style/Theme.Translucent" />
146-->[com.google.android.gms:play-services-ads-lite:9.8.0] AndroidManifest.xml:25:182-230
147        <activity
147-->[com.google.android.gms:play-services-ads-lite:9.8.0] AndroidManifest.xml:26:9-131
148            android:name="com.google.android.gms.ads.purchase.InAppPurchaseActivity"
148-->[com.google.android.gms:play-services-ads-lite:9.8.0] AndroidManifest.xml:26:19-91
149            android:theme="@style/Theme.IAPTheme" />
149-->[com.google.android.gms:play-services-ads-lite:9.8.0] AndroidManifest.xml:26:92-129
150        <activity
150-->[com.google.android.gms:play-services-appinvite:9.8.0] AndroidManifest.xml:20:9-25:20
151            android:name="com.google.android.gms.appinvite.PreviewActivity"
151-->[com.google.android.gms:play-services-appinvite:9.8.0] AndroidManifest.xml:20:19-50
152            android:exported="true"
152-->[com.google.android.gms:play-services-appinvite:9.8.0] AndroidManifest.xml:20:51-74
153            android:theme="@style/Theme.AppInvite.Preview" >
153-->[com.google.android.gms:play-services-appinvite:9.8.0] AndroidManifest.xml:20:75-121
154            <intent-filter>
154-->[com.google.android.gms:play-services-appinvite:9.8.0] AndroidManifest.xml:21:13-24:29
155                <action android:name="com.google.android.gms.appinvite.ACTION_PREVIEW" />
155-->[com.google.android.gms:play-services-appinvite:9.8.0] AndroidManifest.xml:22:17-89
155-->[com.google.android.gms:play-services-appinvite:9.8.0] AndroidManifest.xml:22:25-87
156
157                <category android:name="android.intent.category.DEFAULT" />
157-->[com.google.android.gms:play-services-appinvite:9.8.0] AndroidManifest.xml:23:17-75
157-->[com.google.android.gms:play-services-appinvite:9.8.0] AndroidManifest.xml:23:27-73
158            </intent-filter>
159        </activity>
160        <activity
160-->[com.google.android.gms:play-services-auth:9.8.0] AndroidManifest.xml:20:9-189
161            android:name="com.google.android.gms.auth.api.signin.internal.SignInHubActivity"
161-->[com.google.android.gms:play-services-auth:9.8.0] AndroidManifest.xml:20:19-68
162            android:excludeFromRecents="true"
162-->[com.google.android.gms:play-services-auth:9.8.0] AndroidManifest.xml:20:129-162
163            android:exported="false"
163-->[com.google.android.gms:play-services-auth:9.8.0] AndroidManifest.xml:20:163-187
164            android:theme="@android:style/Theme.Translucent.NoTitleBar" />
164-->[com.google.android.gms:play-services-auth:9.8.0] AndroidManifest.xml:20:69-128
165        <!--
166Service handling Google Sign-In user revocation. For apps that do not integrate with
167            Google Sign-In, this service will never be started.
168        -->
169        <service
169-->[com.google.android.gms:play-services-auth:9.8.0] AndroidManifest.xml:24:9-184
170            android:name="com.google.android.gms.auth.api.signin.RevocationBoundService"
170-->[com.google.android.gms:play-services-auth:9.8.0] AndroidManifest.xml:24:18-63
171            android:exported="true"
171-->[com.google.android.gms:play-services-auth:9.8.0] AndroidManifest.xml:24:64-87
172            android:permission="com.google.android.gms.auth.api.signin.permission.REVOCATION_NOTIFICATION" />
172-->[com.google.android.gms:play-services-auth:9.8.0] AndroidManifest.xml:24:88-182
173
174        <activity
174-->[com.google.android.gms:play-services-base:9.8.0] AndroidManifest.xml:19:9-172
175            android:name="com.google.android.gms.common.api.GoogleApiActivity"
175-->[com.google.android.gms:play-services-base:9.8.0] AndroidManifest.xml:19:19-85
176            android:exported="false"
176-->[com.google.android.gms:play-services-base:9.8.0] AndroidManifest.xml:19:146-170
177            android:theme="@android:style/Theme.Translucent.NoTitleBar" />
177-->[com.google.android.gms:play-services-base:9.8.0] AndroidManifest.xml:19:86-145
178        <!--
179 FirebaseMessagingService performs security checks at runtime,
180             no need for explicit permissions despite exported="true"
181        -->
182        <service
182-->[com.google.firebase:firebase-messaging:9.8.0] AndroidManifest.xml:23:9-27:19
183            android:name="com.google.firebase.messaging.FirebaseMessagingService"
183-->[com.google.firebase:firebase-messaging:9.8.0] AndroidManifest.xml:23:18-87
184            android:exported="true" >
184-->[com.google.firebase:firebase-messaging:9.8.0] AndroidManifest.xml:23:88-111
185            <intent-filter android:priority="-500" >
185-->[com.google.firebase:firebase-messaging:9.8.0] AndroidManifest.xml:24:13-26:29
185-->[com.google.firebase:firebase-messaging:9.8.0] AndroidManifest.xml:24:28-51
186                <action android:name="com.google.firebase.MESSAGING_EVENT" />
186-->[com.google.firebase:firebase-messaging:9.8.0] AndroidManifest.xml:25:17-77
186-->[com.google.firebase:firebase-messaging:9.8.0] AndroidManifest.xml:25:25-75
187            </intent-filter>
188        </service>
189        <service
189-->[com.google.android.gms:play-services-tagmanager-api:9.8.0] AndroidManifest.xml:24:9-134
190            android:name="com.google.android.gms.tagmanager.TagManagerService"
190-->[com.google.android.gms:play-services-tagmanager-api:9.8.0] AndroidManifest.xml:24:18-84
191            android:enabled="true"
191-->[com.google.android.gms:play-services-tagmanager-api:9.8.0] AndroidManifest.xml:24:110-132
192            android:exported="false" />
192-->[com.google.android.gms:play-services-tagmanager-api:9.8.0] AndroidManifest.xml:24:85-109
193
194        <activity
194-->[com.google.android.gms:play-services-tagmanager-api:9.8.0] AndroidManifest.xml:25:9-32:20
195            android:name="com.google.android.gms.tagmanager.TagManagerPreviewActivity"
195-->[com.google.android.gms:play-services-tagmanager-api:9.8.0] AndroidManifest.xml:25:19-93
196            android:noHistory="true" > <!-- optional, removes the previewActivity from the activity stack. -->
196-->[com.google.android.gms:play-services-tagmanager-api:9.8.0] AndroidManifest.xml:25:94-118
197            <intent-filter>
197-->[com.google.android.gms:play-services-tagmanager-api:9.8.0] AndroidManifest.xml:26:13-31:29
198                <data android:scheme="tagmanager.c.com.ostin.qrreader" />
198-->[com.google.android.gms:play-services-tagmanager-api:9.8.0] AndroidManifest.xml:27:17-71
198-->[com.google.android.gms:play-services-tagmanager-api:9.8.0] AndroidManifest.xml:27:23-69
199
200                <action android:name="android.intent.action.VIEW" />
200-->[com.google.android.gms:play-services-tagmanager-api:9.8.0] AndroidManifest.xml:28:17-68
200-->[com.google.android.gms:play-services-tagmanager-api:9.8.0] AndroidManifest.xml:28:25-66
201
202                <category android:name="android.intent.category.DEFAULT" />
202-->[com.google.android.gms:play-services-appinvite:9.8.0] AndroidManifest.xml:23:17-75
202-->[com.google.android.gms:play-services-appinvite:9.8.0] AndroidManifest.xml:23:27-73
203                <category android:name="android.intent.category.BROWSABLE" />
203-->[com.google.android.gms:play-services-tagmanager-api:9.8.0] AndroidManifest.xml:30:17-77
203-->[com.google.android.gms:play-services-tagmanager-api:9.8.0] AndroidManifest.xml:30:27-75
204            </intent-filter>
205        </activity>
206
207        <receiver
207-->[com.google.firebase:firebase-analytics:9.8.0] AndroidManifest.xml:25:7-26:18
208            android:name="com.google.android.gms.measurement.AppMeasurementReceiver"
208-->[com.google.firebase:firebase-analytics:9.8.0] AndroidManifest.xml:25:17-89
209            android:enabled="true"
209-->[com.google.firebase:firebase-analytics:9.8.0] AndroidManifest.xml:25:90-112
210            android:exported="false" >
210-->[com.google.firebase:firebase-analytics:9.8.0] AndroidManifest.xml:25:113-137
211        </receiver>
212        <receiver
212-->[com.google.firebase:firebase-analytics:9.8.0] AndroidManifest.xml:27:7-31:18
213            android:name="com.google.android.gms.measurement.AppMeasurementInstallReferrerReceiver"
213-->[com.google.firebase:firebase-analytics:9.8.0] AndroidManifest.xml:27:17-104
214            android:enabled="true"
214-->[com.google.firebase:firebase-analytics:9.8.0] AndroidManifest.xml:27:162-184
215            android:permission="android.permission.INSTALL_PACKAGES" >
215-->[com.google.firebase:firebase-analytics:9.8.0] AndroidManifest.xml:27:105-161
216            <intent-filter>
216-->[com.google.firebase:firebase-analytics:9.8.0] AndroidManifest.xml:28:11-30:27
217                <action android:name="com.android.vending.INSTALL_REFERRER" />
217-->[com.google.firebase:firebase-analytics:9.8.0] AndroidManifest.xml:29:15-76
217-->[com.google.firebase:firebase-analytics:9.8.0] AndroidManifest.xml:29:23-74
218            </intent-filter>
219        </receiver>
220
221        <service
221-->[com.google.firebase:firebase-analytics:9.8.0] AndroidManifest.xml:32:7-137
222            android:name="com.google.android.gms.measurement.AppMeasurementService"
222-->[com.google.firebase:firebase-analytics:9.8.0] AndroidManifest.xml:32:16-87
223            android:enabled="true"
223-->[com.google.firebase:firebase-analytics:9.8.0] AndroidManifest.xml:32:88-110
224            android:exported="false" />
224-->[com.google.firebase:firebase-analytics:9.8.0] AndroidManifest.xml:32:111-135
225
226        <receiver
226-->[com.google.firebase:firebase-iid:9.8.0] AndroidManifest.xml:30:9-36:20
227            android:name="com.google.firebase.iid.FirebaseInstanceIdReceiver"
227-->[com.google.firebase:firebase-iid:9.8.0] AndroidManifest.xml:30:19-84
228            android:exported="true"
228-->[com.google.firebase:firebase-iid:9.8.0] AndroidManifest.xml:30:85-108
229            android:permission="com.google.android.c2dm.permission.SEND" >
229-->[com.google.firebase:firebase-iid:9.8.0] AndroidManifest.xml:30:109-169
230            <intent-filter>
230-->[com.google.firebase:firebase-iid:9.8.0] AndroidManifest.xml:31:13-35:29
231                <action android:name="com.google.android.c2dm.intent.RECEIVE" />
231-->[com.google.firebase:firebase-iid:9.8.0] AndroidManifest.xml:32:17-80
231-->[com.google.firebase:firebase-iid:9.8.0] AndroidManifest.xml:32:25-78
232                <action android:name="com.google.android.c2dm.intent.REGISTRATION" />
232-->[com.google.firebase:firebase-iid:9.8.0] AndroidManifest.xml:33:17-85
232-->[com.google.firebase:firebase-iid:9.8.0] AndroidManifest.xml:33:25-83
233
234                <category android:name="com.ostin.qrreader" />
234-->[com.google.firebase:firebase-iid:9.8.0] AndroidManifest.xml:34:17-60
234-->[com.google.firebase:firebase-iid:9.8.0] AndroidManifest.xml:34:27-58
235            </intent-filter>
236        </receiver>
237        <!--
238 Internal (not exported) receiver used by the app to start its own exported services
239             without risk of being spoofed.
240        -->
241        <receiver
241-->[com.google.firebase:firebase-iid:9.8.0] AndroidManifest.xml:40:9-119
242            android:name="com.google.firebase.iid.FirebaseInstanceIdInternalReceiver"
242-->[com.google.firebase:firebase-iid:9.8.0] AndroidManifest.xml:40:19-92
243            android:exported="false" />
243-->[com.google.firebase:firebase-iid:9.8.0] AndroidManifest.xml:40:93-117
244        <!--
245 FirebaseInstanceIdService performs security checks at runtime,
246             no need for explicit permissions despite exported="true"
247        -->
248        <service
248-->[com.google.firebase:firebase-iid:9.8.0] AndroidManifest.xml:44:9-48:19
249            android:name="com.google.firebase.iid.FirebaseInstanceIdService"
249-->[com.google.firebase:firebase-iid:9.8.0] AndroidManifest.xml:44:18-82
250            android:exported="true" >
250-->[com.google.firebase:firebase-iid:9.8.0] AndroidManifest.xml:44:83-106
251            <intent-filter android:priority="-500" >
251-->[com.google.firebase:firebase-iid:9.8.0] AndroidManifest.xml:45:13-47:29
251-->[com.google.firebase:firebase-iid:9.8.0] AndroidManifest.xml:45:28-51
252                <action android:name="com.google.firebase.INSTANCE_ID_EVENT" />
252-->[com.google.firebase:firebase-iid:9.8.0] AndroidManifest.xml:46:17-79
252-->[com.google.firebase:firebase-iid:9.8.0] AndroidManifest.xml:46:25-77
253            </intent-filter>
254        </service>
255
256        <provider
256-->[com.google.firebase:firebase-common:9.8.0] AndroidManifest.xml:6:9-175
257            android:name="com.google.firebase.provider.FirebaseInitProvider"
257-->[com.google.firebase:firebase-common:9.8.0] AndroidManifest.xml:6:79-124
258            android:authorities="com.ostin.qrreader.firebaseinitprovider"
258-->[com.google.firebase:firebase-common:9.8.0] AndroidManifest.xml:6:19-78
259            android:exported="false"
259-->[com.google.firebase:firebase-common:9.8.0] AndroidManifest.xml:6:125-149
260            android:initOrder="100" />
260-->[com.google.firebase:firebase-common:9.8.0] AndroidManifest.xml:6:150-173
261
262        <meta-data
262-->[com.google.android.gms:play-services-basement:9.8.0] AndroidManifest.xml:20:9-121
263            android:name="com.google.android.gms.version"
263-->[com.google.android.gms:play-services-basement:9.8.0] AndroidManifest.xml:20:20-65
264            android:value="@integer/google_play_services_version" />
264-->[com.google.android.gms:play-services-basement:9.8.0] AndroidManifest.xml:20:66-119
265
266        <provider
266-->[androidx.lifecycle:lifecycle-process:2.2.0-alpha01] AndroidManifest.xml:23:9-27:43
267            android:name="androidx.lifecycle.ProcessLifecycleOwnerInitializer"
267-->[androidx.lifecycle:lifecycle-process:2.2.0-alpha01] AndroidManifest.xml:24:13-79
268            android:authorities="com.ostin.qrreader.lifecycle-process"
268-->[androidx.lifecycle:lifecycle-process:2.2.0-alpha01] AndroidManifest.xml:25:13-69